Base path: C:/Program Files (x86)/Unity/Editor/Data
Pipe name: \\.\pipe\UnityShaderCompiler-32bit-1-6992
Cmd: getPlatforms
Cmd: preprocess
  insize=11084 outsize=718 ok=1
Cmd: preprocess
  insize=2209 outsize=430 ok=1
Cmd: preprocess
  insize=4203 outsize=523 ok=1
Cmd: preprocess
  insize=1685 outsize=352 ok=1
Cmd: preprocess
  insize=683 outsize=683 ok=1
Cmd: preprocess
  insize=897 outsize=355 ok=1
Cmd: preprocess
  insize=999 outsize=404 ok=1
Cmd: preprocess
  insize=997 outsize=997 ok=1
Cmd: preprocess
  insize=1989 outsize=486 ok=1
Cmd: preprocess
  insize=1284 outsize=412 ok=1
Cmd: preprocess
  insize=1507 outsize=457 ok=1
Cmd: preprocess
  insize=736 outsize=282 ok=1
Cmd: preprocess
  insize=2363 outsize=430 ok=1
Cmd: preprocess
  insize=1183 outsize=296 ok=1
Cmd: preprocess
  insize=1116 outsize=407 ok=1
Cmd: preprocess
  insize=6550 outsize=798 ok=1
Cmd: compileSnippet
  error: 2 plat 4 at frag_ao.cginc(2): 'samples': array dimensions of function parameters must be explicit\nCompiling Vertex program
  api=4 type=0 insize=1796 outsize=0 kw= pd= ok=0
Cmd: preprocess
  insize=1192 outsize=314 ok=1
Cmd: preprocess
  insize=1507 outsize=302 ok=1
Cmd: preprocess
  insize=534 outsize=534 ok=1
Cmd: preprocess
  insize=2203 outsize=533 ok=1
Cmd: preprocess
  insize=1280 outsize=301 ok=1
Cmd: preprocess
  insize=968 outsize=305 ok=1
Cmd: preprocess
  insize=1377 outsize=384 ok=1
Cmd: preprocess
  insize=1413 outsize=359 ok=1
Cmd: preprocess
  insize=1403 outsize=346 ok=1
Cmd: preprocess
  insize=1116 outsize=325 ok=1
Cmd: preprocess
  insize=2143 outsize=644 ok=1
Cmd: preprocess
  insize=965 outsize=271 ok=1
Cmd: preprocess
  insize=790 outsize=320 ok=1
Cmd: preprocess
  insize=32615 outsize=273 ok=1
Cmd: preprocess
  insize=1216 outsize=260 ok=1
Cmd: preprocess
  insize=3291 outsize=706 ok=1
Cmd: preprocess
  insize=944 outsize=276 ok=1
Cmd: preprocess
  insize=1038 outsize=358 ok=1
Cmd: preprocess
  insize=7424 outsize=1104 ok=1
Cmd: preprocess
  insize=977 outsize=438 ok=1
Cmd: preprocess
  insize=13266 outsize=2608 ok=1
Cmd: preprocess
  insize=1930 outsize=489 ok=1
Cmd: preprocess
  insize=1604 outsize=301 ok=1
Cmd: preprocess
  insize=1788 outsize=349 ok=1
Cmd: preprocess
  error: 1 plat 18 at (84): Both vertex and fragment programs must be present in a CGPROGRAM. Excluding it from compilation.
  insize=2292 outsize=1220 ok=1
Cmd: preprocess
  insize=1737 outsize=297 ok=1
Cmd: preprocess
  insize=1026 outsize=351 ok=1
Cmd: preprocess
  insize=738 outsize=267 ok=1
Cmd: preprocess
  insize=5809 outsize=873 ok=1
Cmd: preprocess
  insize=586 outsize=360 ok=1
Cmd: preprocess
  insize=576 outsize=576 ok=1
Cmd: preprocess
  insize=923 outsize=923 ok=1
Cmd: preprocess
  insize=32625 outsize=273 ok=1
Cmd: preprocess
  insize=1785 outsize=349 ok=1
Cmd: preprocess
  insize=6779 outsize=255 ok=1
Cmd: preprocess
  insize=4425 outsize=555 ok=1
Cmd: preprocess
  insize=1788 outsize=348 ok=1
Cmd: preprocess
  insize=1786 outsize=348 ok=1
Cmd: preprocess
  insize=4869 outsize=1093 ok=1
Cmd: preprocess
  insize=778 outsize=304 ok=1
Cmd: preprocess
  insize=721 outsize=317 ok=1
Cmd: preprocess
  insize=4076 outsize=684 ok=1
Cmd: preprocess
  insize=883 outsize=301 ok=1
Cmd: preprocess
  insize=1339 outsize=296 ok=1
Cmd: preprocess
  insize=2143 outsize=982 ok=1
Cmd: preprocess
  insize=1080 outsize=489 ok=1
Cmd: preprocess
  insize=1213 outsize=389 ok=1
Cmd: preprocess
  insize=574 outsize=259 ok=1
Cmd: preprocess
  insize=775 outsize=367 ok=1
Cmd: preprocess
  insize=1727 outsize=682 ok=1
